<?xml version="1.0" encoding="utf-8" standalone="no"?>
<!--This file represents the results of running a test suite-->
<test-results name="C:\Users\Gustavo\Desktop\Projects\Personal\ZAPPenTester\SGC.ZAPPenTester.Tests\bin\Debug\SGC.ZAPPenTester.Tests.dll" total="18" errors="0" failures="0" not-run="0" inconclusive="0" ignored="0" skipped="0" invalid="0" date="2014-01-10" time="17:28:33">
  <environment nunit-version="2.5.10.11092" clr-version="4.0.30319.34003" os-version="Microsoft Windows NT 6.2.9200.0" platform="Win32NT" cwd="C:\Program Files (x86)\Microsoft Visual Studio 12.0\Common7\IDE" machine-name="GUSTAVO-WIN8" user="Gustavo" user-domain="GUSTAVO-WIN8" />
  <culture-info current-culture="nl-NL" current-uiculture="en-US" />
  <test-suite type="Assembly" name="C:\Users\Gustavo\Desktop\Projects\Personal\ZAPPenTester\SGC.ZAPPenTester.Tests\bin\Debug\SGC.ZAPPenTester.Tests.dll" executed="True" result="Success" success="True" time="0.686" asserts="0">
    <results>
      <test-suite type="Namespace" name="SGC" executed="True" result="Success" success="True" time="0.681" asserts="0">
        <results>
          <test-suite type="Namespace" name="ZAPPenTester" executed="True" result="Success" success="True" time="0.681" asserts="0">
            <results>
              <test-suite type="Namespace" name="Tests" executed="True" result="Success" success="True" time="0.680" asserts="0">
                <results>
                  <test-suite type="TestFixture" name="ProgramTests" executed="True" result="Success" success="True" time="0.162" asserts="0">
                    <results>
                      <test-case name="SGC.ZAPPenTester.Tests.ProgramTests.AggregateReport_WhenNullReport_ReturnsNull" executed="True" result="Success" success="True" time="0.064" asserts="1" />
                      <test-case name="SGC.ZAPPenTester.Tests.ProgramTests.AggregateReport_WhenOneReportItem_ReturnsOneGroupedIssue" executed="True" result="Success" success="True" time="0.026" asserts="1" />
                      <test-case name="SGC.ZAPPenTester.Tests.ProgramTests.AggregateReport_WhenOneReportItem_ReturnsOneGroupedIssueWithSameDescription" executed="True" result="Success" success="True" time="0.004" asserts="1" />
                      <test-case name="SGC.ZAPPenTester.Tests.ProgramTests.AggregateReport_WhenOneReportItemWithOneEntry_ReturnsOneGroupedIssueWithCountOne" executed="True" result="Success" success="True" time="0.000" asserts="1" />
                      <test-case name="SGC.ZAPPenTester.Tests.ProgramTests.AggregateReport_WhenOneReportItemWithThreeEntries_ReturnsOneGroupedIssueWithCountThree" executed="True" result="Success" success="True" time="0.001" asserts="1" />
                      <test-case name="SGC.ZAPPenTester.Tests.ProgramTests.AggregateReport_WhenTwoReportItems_ReturnsTwoGroupedIssues" executed="True" result="Success" success="True" time="0.000" asserts="1" />
                      <test-case name="SGC.ZAPPenTester.Tests.ProgramTests.AggregateReport_WhenTwoReportItemsWithOneEntry_ReturnsTowGroupedIssuesWithCountOne" executed="True" result="Success" success="True" time="0.001" asserts="2" />
                      <test-case name="SGC.ZAPPenTester.Tests.ProgramTests.AggregateReport_WhenTwoReportItemsWithTwoEntries_ReturnsTowGroupedIssuesWithCountTwo" executed="True" result="Success" success="True" time="0.001" asserts="2" />
                      <test-case name="SGC.ZAPPenTester.Tests.ProgramTests.AggregateReport_WhenTwoReportItemsWithTwoEntries_ReturnsTowGroupedIssuesWithSameDescription" executed="True" result="Success" success="True" time="0.001" asserts="2" />
                      <test-case name="SGC.ZAPPenTester.Tests.ProgramTests.Main_WhenMoreThanOneArgumentProvided_ThrowsArgumentException" executed="True" result="Success" success="True" time="0.003" asserts="0" />
                      <test-case name="SGC.ZAPPenTester.Tests.ProgramTests.Main_WhenNoArgumentsProvided_ThrowsArgumentException" executed="True" result="Success" success="True" time="0.001" asserts="0" />
                    </results>
                  </test-suite>
                  <test-suite type="TestFixture" name="ZapTests" executed="True" result="Success" success="True" time="0.514" asserts="0">
                    <results>
                      <test-case name="SGC.ZAPPenTester.Tests.ZapTests.GetReport_WhenCalled_CallsReportingComponentGetReport" executed="True" result="Success" success="True" time="0.470" asserts="0" />
                      <test-case name="SGC.ZAPPenTester.Tests.ZapTests.Scan_WhenCalled_CallsSpiderStart" executed="True" result="Success" success="True" time="0.008" asserts="0" />
                      <test-case name="SGC.ZAPPenTester.Tests.ZapTests.Scan_WhenCalledAndSpiderDidNotStart_DoesNotCallScannerScan" executed="True" result="Success" success="True" time="0.007" asserts="0" />
                      <test-case name="SGC.ZAPPenTester.Tests.ZapTests.Scan_WhenCalledAndSpiderDidNotStart_DoesNotCallSpiderHasCompleted" executed="True" result="Success" success="True" time="0.002" asserts="0" />
                      <test-case name="SGC.ZAPPenTester.Tests.ZapTests.Scan_WhenCalledAndSpiderHasCompleted_CallsScannerScan" executed="True" result="Success" success="True" time="0.004" asserts="0" />
                      <test-case name="SGC.ZAPPenTester.Tests.ZapTests.Scan_WhenCalledAndSpiderStarted_CallsSpiderHasCompleted" executed="True" result="Success" success="True" time="0.002" asserts="0" />
                      <test-case name="SGC.ZAPPenTester.Tests.ZapTests.Scan_WhenCalledScannerHasStarted_CallsScannerHasCompleted" executed="True" result="Success" success="True" time="0.006" asserts="0" />
                    </results>
                  </test-suite>
                </results>
              </test-suite>
            </results>
          </test-suite>
        </results>
      </test-suite>
    </results>
  </test-suite>
</test-results>